2025-03-18T11:40:30+03:00	[35mDEBUG[0m	go-toolkit/main.go:24	Debug message from main
2025-03-18T11:40:30+03:00	[34mINFO[0m	go-toolkit/main.go:25	Info message from main
2025-03-18T11:40:30+03:00	[33mWARN[0m	go-toolkit/main.go:26	Warning message from main
2025-03-18T11:40:30+03:00	[31mERROR[0m	go-toolkit/main.go:27	Error message from main
main.main
	/home/evylin/Desktop/Projects/Go/go-toolkit/main.go:27
runtime.main
	/usr/local/go/src/runtime/proc.go:272
2025-03-18T11:40:30+03:00	[31mFATAL[0m	go-toolkit/main.go:28	Fatal message from main
main.main
	/home/evylin/Desktop/Projects/Go/go-toolkit/main.go:28
runtime.main
	/usr/local/go/src/runtime/proc.go:272
2025-03-18T11:41:03+03:00	[35mDEBUG[0m	go-toolkit/main.go:24	Debug message from main
2025-03-18T11:41:03+03:00	[34mINFO[0m	go-toolkit/main.go:25	Info message from main
2025-03-18T11:41:03+03:00	[33mWARN[0m	go-toolkit/main.go:26	Warning message from main
2025-03-18T11:41:03+03:00	[31mERROR[0m	go-toolkit/main.go:27	Error message from main
main.main
	/home/evylin/Desktop/Projects/Go/go-toolkit/main.go:27
runtime.main
	/usr/local/go/src/runtime/proc.go:272
2025-03-18T11:41:03+03:00	[31mFATAL[0m	go-toolkit/main.go:28	Fatal message from main
main.main
	/home/evylin/Desktop/Projects/Go/go-toolkit/main.go:28
runtime.main
	/usr/local/go/src/runtime/proc.go:272
2025-03-18T11:41:09+03:00	[35mDEBUG[0m	go-toolkit/main.go:24	Debug message from main
2025-03-18T11:41:09+03:00	[34mINFO[0m	go-toolkit/main.go:25	Info message from main
2025-03-18T11:41:09+03:00	[33mWARN[0m	go-toolkit/main.go:26	Warning message from main
2025-03-18T11:41:09+03:00	[31mERROR[0m	go-toolkit/main.go:27	Error message from main
main.main
	/home/evylin/Desktop/Projects/Go/go-toolkit/main.go:27
runtime.main
	/usr/local/go/src/runtime/proc.go:272
2025-03-18T11:41:09+03:00	[31mFATAL[0m	go-toolkit/main.go:28	Fatal message from main
main.main
	/home/evylin/Desktop/Projects/Go/go-toolkit/main.go:28
runtime.main
	/usr/local/go/src/runtime/proc.go:272
{"level":"\u001b[35mDEBUG\u001b[0m","ts":"2025-03-18T11:41:21+03:00","caller":"go-toolkit/main.go:24","msg":"Debug message from main"}
{"level":"\u001b[34mINFO\u001b[0m","ts":"2025-03-18T11:41:21+03:00","caller":"go-toolkit/main.go:25","msg":"Info message from main"}
{"level":"\u001b[33mWARN\u001b[0m","ts":"2025-03-18T11:41:21+03:00","caller":"go-toolkit/main.go:26","msg":"Warning message from main"}
{"level":"\u001b[31mERROR\u001b[0m","ts":"2025-03-18T11:41:21+03:00","caller":"go-toolkit/main.go:27","msg":"Error message from main","stacktrace":"main.main\n\t/home/evylin/Desktop/Projects/Go/go-toolkit/main.go:27\nruntime.main\n\t/usr/local/go/src/runtime/proc.go:272"}
{"level":"\u001b[31mFATAL\u001b[0m","ts":"2025-03-18T11:41:21+03:00","caller":"go-toolkit/main.go:28","msg":"Fatal message from main","stacktrace":"main.main\n\t/home/evylin/Desktop/Projects/Go/go-toolkit/main.go:28\nruntime.main\n\t/usr/local/go/src/runtime/proc.go:272"}
{"level":"\u001b[35mDEBUG\u001b[0m","ts":"2025-03-18T11:41:31+03:00","caller":"go-toolkit/main.go:24","msg":"Debug message from main"}
{"level":"\u001b[34mINFO\u001b[0m","ts":"2025-03-18T11:41:31+03:00","caller":"go-toolkit/main.go:25","msg":"Info message from main"}
{"level":"\u001b[33mWARN\u001b[0m","ts":"2025-03-18T11:41:31+03:00","caller":"go-toolkit/main.go:26","msg":"Warning message from main"}
{"level":"\u001b[31mERROR\u001b[0m","ts":"2025-03-18T11:41:31+03:00","caller":"go-toolkit/main.go:27","msg":"Error message from main","stacktrace":"main.main\n\t/home/evylin/Desktop/Projects/Go/go-toolkit/main.go:27\nruntime.main\n\t/usr/local/go/src/runtime/proc.go:272"}
{"level":"\u001b[31mFATAL\u001b[0m","ts":"2025-03-18T11:41:31+03:00","caller":"go-toolkit/main.go:28","msg":"Fatal message from main","stacktrace":"main.main\n\t/home/evylin/Desktop/Projects/Go/go-toolkit/main.go:28\nruntime.main\n\t/usr/local/go/src/runtime/proc.go:272"}
{"level":"DEBUG","ts":"2025-03-18T11:44:51+03:00","caller":"go-toolkit/main.go:24","msg":"Debug message from main"}
{"level":"INFO","ts":"2025-03-18T11:44:51+03:00","caller":"go-toolkit/main.go:25","msg":"Info message from main"}
{"level":"WARN","ts":"2025-03-18T11:44:51+03:00","caller":"go-toolkit/main.go:26","msg":"Warning message from main"}
{"level":"ERROR","ts":"2025-03-18T11:44:51+03:00","caller":"go-toolkit/main.go:27","msg":"Error message from main","stacktrace":"main.main\n\t/home/evylin/Desktop/Projects/Go/go-toolkit/main.go:27\nruntime.main\n\t/usr/local/go/src/runtime/proc.go:272"}
{"level":"FATAL","ts":"2025-03-18T11:44:51+03:00","caller":"go-toolkit/main.go:28","msg":"Fatal message from main","stacktrace":"main.main\n\t/home/evylin/Desktop/Projects/Go/go-toolkit/main.go:28\nruntime.main\n\t/usr/local/go/src/runtime/proc.go:272"}
2025-03-18T11:45:03+03:00	[35mDEBUG[0m	go-toolkit/main.go:24	Debug message from main
2025-03-18T11:45:03+03:00	[34mINFO[0m	go-toolkit/main.go:25	Info message from main
2025-03-18T11:45:03+03:00	[33mWARN[0m	go-toolkit/main.go:26	Warning message from main
2025-03-18T11:45:03+03:00	[31mERROR[0m	go-toolkit/main.go:27	Error message from main
main.main
	/home/evylin/Desktop/Projects/Go/go-toolkit/main.go:27
runtime.main
	/usr/local/go/src/runtime/proc.go:272
2025-03-18T11:45:03+03:00	[31mFATAL[0m	go-toolkit/main.go:28	Fatal message from main
main.main
	/home/evylin/Desktop/Projects/Go/go-toolkit/main.go:28
runtime.main
	/usr/local/go/src/runtime/proc.go:272
2025-03-18T11:45:26+03:00	[31mERROR[0m	go-toolkit/main.go:27	Error message from main
main.main
	/home/evylin/Desktop/Projects/Go/go-toolkit/main.go:27
runtime.main
	/usr/local/go/src/runtime/proc.go:272
2025-03-18T11:45:26+03:00	[31mFATAL[0m	go-toolkit/main.go:28	Fatal message from main
main.main
	/home/evylin/Desktop/Projects/Go/go-toolkit/main.go:28
runtime.main
	/usr/local/go/src/runtime/proc.go:272
2025-03-18T11:45:32+03:00	[33mWARN[0m	go-toolkit/main.go:26	Warning message from main
2025-03-18T11:45:32+03:00	[31mERROR[0m	go-toolkit/main.go:27	Error message from main
main.main
	/home/evylin/Desktop/Projects/Go/go-toolkit/main.go:27
runtime.main
	/usr/local/go/src/runtime/proc.go:272
2025-03-18T11:45:32+03:00	[31mFATAL[0m	go-toolkit/main.go:28	Fatal message from main
main.main
	/home/evylin/Desktop/Projects/Go/go-toolkit/main.go:28
runtime.main
	/usr/local/go/src/runtime/proc.go:272
